<?xml version="1.0" encoding="UTF-8"?>
<testng-results skipped="0" failed="0" total="1" passed="1">
  <reporter-output>
  </reporter-output>
  <suite name="Suite1" duration-ms="8642" started-at="2017-03-09T10:58:30Z" finished-at="2017-03-09T10:58:39Z">
    <groups>
    </groups>
    <test name="Travis CI" duration-ms="8642" started-at="2017-03-09T10:58:30Z" finished-at="2017-03-09T10:58:39Z">
      <class name="CI.launchCI">
        <test-method status="PASS" signature="travisTesting()[pri:0, instance:CI.launchCI@11bbad83]" name="travisTesting" duration-ms="8631" started-at="2017-03-09T16:28:30Z" finished-at="2017-03-09T16:28:39Z">
          <reporter-output>
          </reporter-output>
        </test-method> <!-- travisTesting -->
      </class> <!-- CI.launchCI -->
    </test> <!-- Travis CI -->
  </suite> <!-- Suite1 -->
</testng-results>
